[debug] [2022-07-13T15:03:06.876Z] ----------------------------------------------------------------------
[debug] [2022-07-13T15:03:06.878Z] Command:       C:\Program Files\nodejs\node.exe C:\Users\leo_p\AppData\Roaming\npm\node_modules\firebase-tools\lib\bin\firebase.js init
[debug] [2022-07-13T15:03:06.878Z] CLI Version:   11.2.2
[debug] [2022-07-13T15:03:06.878Z] Platform:      win32
[debug] [2022-07-13T15:03:06.879Z] Node Version:  v16.15.0
[debug] [2022-07-13T15:03:06.880Z] Time:          Wed Jul 13 2022 17:03:06 GMT+0200 (Ora legale dell’Europa centrale)
[debug] [2022-07-13T15:03:06.880Z] ----------------------------------------------------------------------
[debug] 
[debug] [2022-07-13T15:03:06.890Z] > command requires scopes: ["email","openid","https://www.googleapis.com/auth/cloudplatformprojects.readonly","https://www.googleapis.com/auth/firebase","https://www.googleapis.com/auth/cloud-platform"]
[debug] [2022-07-13T15:03:06.890Z] > authorizing via signed-in user (latveria0@gmail.com)
[info] 
     ######## #### ########  ######## ########     ###     ######  ########
     ##        ##  ##     ## ##       ##     ##  ##   ##  ##       ##
     ######    ##  ########  ######   ########  #########  ######  ######
     ##        ##  ##    ##  ##       ##     ## ##     ##       ## ##
     ##       #### ##     ## ######## ########  ##     ##  ######  ########

You're about to initialize a Firebase project in this directory:

  C:\Users\leo_p\Documents\MEGAsync\DEVELOPMENT\REACT-APP PRENOTAZIONE\react-prenotazione

[info] 
=== Project Setup
[info] 
[info] First, let's associate this project directory with a Firebase project.
[info] You can create multiple project aliases by running firebase use --add, 
[info] but for now we'll just set up a default project.
[info] 
[debug] [2022-07-13T15:03:56.453Z] >>> [apiv2][query] GET https://firebase.googleapis.com/v1beta1/projects pageSize=100
[debug] [2022-07-13T15:03:57.598Z] <<< [apiv2][status] GET https://firebase.googleapis.com/v1beta1/projects 200
[debug] [2022-07-13T15:03:57.599Z] <<< [apiv2][body] GET https://firebase.googleapis.com/v1beta1/projects [omitted]
[info] i  Using project react-class-component (react-class-component) 
[info] 
=== Hosting Setup
[info] 
[info] Your public directory is the folder (relative to your project directory) that
[info] will contain Hosting assets to be uploaded with firebase deploy. If you
[info] have a build process for your assets, use your build's output directory.
[info] 
[debug] [2022-07-13T15:05:40.478Z] >>> [apiv2][query] GET https://www.gstatic.com/firebasejs/releases.json [none]
[debug] [2022-07-13T15:05:40.879Z] <<< [apiv2][status] GET https://www.gstatic.com/firebasejs/releases.json 200
[debug] [2022-07-13T15:05:40.880Z] <<< [apiv2][body] GET https://www.gstatic.com/firebasejs/releases.json {"current":{"version":"9.9.0","browserURL":"https://www.gstatic.com/firebasejs/9.9.0/firebase.js","packageURL":"https://www.gstatic.com/firebasejs/9.9.0/firebase.tgz"},"live":{"version":"9.9","browserURL":"https://www.gstatic.com/firebasejs/live/9.9/firebase.js","packageURL":"https://www.gstatic.com/firebasejs/live/9.9/firebase.tgz"},"components":{"analytics":"https://www.gstatic.com/firebasejs/9.9.0/firebase-analytics.js","app":"https://www.gstatic.com/firebasejs/9.9.0/firebase-app.js","app-check":"https://www.gstatic.com/firebasejs/9.9.0/firebase-app-check.js","auth":"https://www.gstatic.com/firebasejs/9.9.0/firebase-auth.js","auth/cordova":"https://www.gstatic.com/firebasejs/9.9.0/firebase-auth/cordova.js","auth/react-native":"https://www.gstatic.com/firebasejs/9.9.0/firebase-auth/react-native.js","functions":"https://www.gstatic.com/firebasejs/9.9.0/firebase-functions.js","firestore":"https://www.gstatic.com/firebasejs/9.9.0/firebase-firestore.js","firestore/lite":"https://www.gstatic.com/firebasejs/9.9.0/firebase-firestore/lite.js","installations":"https://www.gstatic.com/firebasejs/9.9.0/firebase-installations.js","storage":"https://www.gstatic.com/firebasejs/9.9.0/firebase-storage.js","performance":"https://www.gstatic.com/firebasejs/9.9.0/firebase-performance.js","remote-config":"https://www.gstatic.com/firebasejs/9.9.0/firebase-remote-config.js","messaging":"https://www.gstatic.com/firebasejs/9.9.0/firebase-messaging.js","messaging/sw":"https://www.gstatic.com/firebasejs/9.9.0/firebase-messaging/sw.js","database":"https://www.gstatic.com/firebasejs/9.9.0/firebase-database.js","firestore.memory":"https://www.gstatic.com/firebasejs/9.9.0/firebase-firestore.memory.js"}}
[info] i  Skipping write of build/index.html 
[info] 
[info] i  Didn't detect a .git folder. Assuming C:\Users\leo_p\Documents\MEGAsync\DEVELOPMENT\REACT-APP PRENOTAZIONE\react-prenotazione is the project root. 
[info] i  Authorizing with GitHub to upload your service account to a GitHub repository's secrets store. 
[info] 
[info] Visit this URL on this device to log in:
[info] https://github.com/login/oauth/authorize?client_id=89cf50f02ac6aaed3484&state=349032307&redirect_uri=http%3A%2F%2Flocalhost%3A9005&scope=read%3Auser%20repo%20public_repo
[info] 
[info] Waiting for authentication...
[debug] [2022-07-13T15:06:34.280Z] >>> [apiv2][query] POST https://github.com/login/oauth/access_token [none]
[debug] [2022-07-13T15:06:34.281Z] >>> [apiv2][body] POST https://github.com/login/oauth/access_token [stream]
[debug] [2022-07-13T15:06:34.931Z] <<< [apiv2][status] POST https://github.com/login/oauth/access_token 200
[debug] [2022-07-13T15:06:34.931Z] <<< [apiv2][body] POST https://github.com/login/oauth/access_token {"access_token":"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","token_type":"bearer","scope":"read:user,repo"}
[debug] [2022-07-13T15:06:34.943Z] >>> [apiv2][query] GET https://api.github.com/user [none]
[debug] [2022-07-13T15:06:35.478Z] <<< [apiv2][status] GET https://api.github.com/user 200
[debug] [2022-07-13T15:06:35.478Z] <<< [apiv2][body] GET https://api.github.com/user {"login":"eisenhardtleo","id":100302858,"node_id":"U_kgDOBfqACg","avatar_url":"https://avatars.githubusercontent.com/u/100302858?v=4","gravatar_id":"","url":"https://api.github.com/users/eisenhardtleo","html_url":"https://github.com/eisenhardtleo","followers_url":"https://api.github.com/users/eisenhardtleo/followers","following_url":"https://api.github.com/users/eisenhardtleo/following{/other_user}","gists_url":"https://api.github.com/users/eisenhardtleo/gists{/gist_id}","starred_url":"https://api.github.com/users/eisenhardtleo/starred{/owner}{/repo}","subscriptions_url":"https://api.github.com/users/eisenhardtleo/subscriptions","organizations_url":"https://api.github.com/users/eisenhardtleo/orgs","repos_url":"https://api.github.com/users/eisenhardtleo/repos","events_url":"https://api.github.com/users/eisenhardtleo/events{/privacy}","received_events_url":"https://api.github.com/users/eisenhardtleo/received_events","type":"User","site_admin":false,"name":null,"company":null,"blog":"","location":null,"email":null,"hireable":null,"bio":null,"twitter_username":null,"public_repos":5,"public_gists":0,"followers":0,"following":0,"created_at":"2022-02-23T16:20:04Z","updated_at":"2022-07-13T15:06:22Z","private_gists":0,"total_private_repos":0,"owned_private_repos":0,"disk_usage":462,"collaborators":0,"two_factor_authentication":true,"plan":{"name":"free","space":976562499,"collaborators":0,"private_repos":10000}}
[info] 
[info] +  Success! Logged into GitHub as eisenhardtleo 
[info] 
